[INFO ] 2023-12-11 16:01:35.166 [main] AlertsApplication - Starting AlertsApplication using Java 21.0.1 with PID 68482 (/home/alexandrekerestes/Documents/mission_5/p5/SaftyNet_Alert_OCR/target/classes started by alexandrekerestes in /home/alexandrekerestes/Documents/mission_5/p5/SaftyNet_Alert_OCR)
[DEBUG] 2023-12-11 16:01:35.171 [main] AlertsApplication - Running with Spring Boot v3.2.0, Spring v6.1.1
[INFO ] 2023-12-11 16:01:35.172 [main] AlertsApplication - No active profile set, falling back to 1 default profile: "default"
[INFO ] 2023-12-11 16:01:38.499 [main] AlertsApplication - Started AlertsApplication in 3.606 seconds (process running for 4.039)
[DEBUG] 2023-12-11 16:01:47.779 [http-nio-8080-exec-1] MedicalRecordUtility - Creating a medical record to Alexandre KERESTES
[INFO ] 2023-12-11 16:01:47.780 [http-nio-8080-exec-1] PersonController - (POST) /person : request made successfully; Made by (0:0:0:0:0:0:0:1)
[DEBUG] 2023-12-11 16:02:08.625 [http-nio-8080-exec-3] PersonUtility - Merging saved person (John BOYD) with updated information
[INFO ] 2023-12-11 16:02:08.625 [http-nio-8080-exec-3] PersonController - (PUT) /person : request body -> id = 1: request made successfully; Made by (0:0:0:0:0:0:0:1)
[ERROR] 2023-12-11 16:02:39.799 [http-nio-8080-exec-4] PersonController - (PUT) /person : requests error -> The Person's id must not be null; Made by (0:0:0:0:0:0:0:1)
[ERROR] 2023-12-11 16:03:46.951 [http-nio-8080-exec-7] PersonController - (PUT) /person : requests error -> There is no person with this id; Made by (0:0:0:0:0:0:0:1)
[ERROR] 2023-12-11 16:04:57.749 [http-nio-8080-exec-2] PersonController - (PUT) /person : requests error -> There is no person with this id; Made by (0:0:0:0:0:0:0:1)
[ERROR] 2023-12-11 16:06:04.866 [http-nio-8080-exec-4] PersonController - (PUT) /person : requests error -> There is no person with this id; Made by (0:0:0:0:0:0:0:1)
[DEBUG] 2023-12-11 16:06:21.435 [http-nio-8080-exec-5] PersonUtility - Merging saved person (Alexandre BOYD) with updated information
[INFO ] 2023-12-11 16:06:21.435 [http-nio-8080-exec-5] PersonController - (PUT) /person : request body -> id = 1: request made successfully; Made by (0:0:0:0:0:0:0:1)
[INFO ] 2023-12-11 16:06:28.621 [http-nio-8080-exec-6] PersonController - (DELETE) /person/1: request made successfully;Made by (0:0:0:0:0:0:0:1)
[ERROR] 2023-12-11 16:07:02.010 [http-nio-8080-exec-9] PersonController - (DELETE) /person/0: requests error -> Invalid ID ;Made by (0:0:0:0:0:0:0:1)
[INFO ] 2023-12-11 16:11:19.023 [main] AlertsApplication - Starting AlertsApplication using Java 21.0.1 with PID 70052 (/home/alexandrekerestes/Documents/mission_5/p5/SaftyNet_Alert_OCR/target/classes started by alexandrekerestes in /home/alexandrekerestes/Documents/mission_5/p5/SaftyNet_Alert_OCR)
[DEBUG] 2023-12-11 16:11:19.028 [main] AlertsApplication - Running with Spring Boot v3.2.0, Spring v6.1.1
[INFO ] 2023-12-11 16:11:19.028 [main] AlertsApplication - No active profile set, falling back to 1 default profile: "default"
[INFO ] 2023-12-11 16:11:22.350 [main] AlertsApplication - Started AlertsApplication in 3.613 seconds (process running for 4.051)
[ERROR] 2023-12-11 16:11:55.267 [http-nio-8080-exec-2] PersonController - (POST) /person : requests error -> There is a missing attribute, make sure you entered at least (firstName, lastName, phone, email, birthday and address{id}); Made by (0:0:0:0:0:0:0:1)
[INFO ] 2023-12-11 16:13:44.212 [main] AlertsApplication - Starting AlertsApplication using Java 21.0.1 with PID 70546 (/home/alexandrekerestes/Documents/mission_5/p5/SaftyNet_Alert_OCR/target/classes started by alexandrekerestes in /home/alexandrekerestes/Documents/mission_5/p5/SaftyNet_Alert_OCR)
[DEBUG] 2023-12-11 16:13:44.216 [main] AlertsApplication - Running with Spring Boot v3.2.0, Spring v6.1.1
[INFO ] 2023-12-11 16:13:44.217 [main] AlertsApplication - No active profile set, falling back to 1 default profile: "default"
[INFO ] 2023-12-11 16:13:47.437 [main] AlertsApplication - Started AlertsApplication in 3.475 seconds (process running for 3.968)
[ERROR] 2023-12-11 16:13:51.600 [http-nio-8080-exec-1] PersonController - (POST) /person : requests error -> There is a missing attribute, make sure you entered at least (firstName, lastName, phone, email, birthday and address{id}); Made by (0:0:0:0:0:0:0:1)
[INFO ] 2023-12-11 16:16:10.907 [main] AlertsApplication - Starting AlertsApplication using Java 21.0.1 with PID 70995 (/home/alexandrekerestes/Documents/mission_5/p5/SaftyNet_Alert_OCR/target/classes started by alexandrekerestes in /home/alexandrekerestes/Documents/mission_5/p5/SaftyNet_Alert_OCR)
[DEBUG] 2023-12-11 16:16:10.911 [main] AlertsApplication - Running with Spring Boot v3.2.0, Spring v6.1.1
[INFO ] 2023-12-11 16:16:10.912 [main] AlertsApplication - No active profile set, falling back to 1 default profile: "default"
[INFO ] 2023-12-11 16:16:14.121 [main] AlertsApplication - Started AlertsApplication in 3.499 seconds (process running for 3.921)
[INFO ] 2023-12-11 16:16:57.468 [main] AlertsApplication - Starting AlertsApplication using Java 21.0.1 with PID 71199 (/home/alexandrekerestes/Documents/mission_5/p5/SaftyNet_Alert_OCR/target/classes started by alexandrekerestes in /home/alexandrekerestes/Documents/mission_5/p5/SaftyNet_Alert_OCR)
[DEBUG] 2023-12-11 16:16:57.472 [main] AlertsApplication - Running with Spring Boot v3.2.0, Spring v6.1.1
[INFO ] 2023-12-11 16:16:57.472 [main] AlertsApplication - No active profile set, falling back to 1 default profile: "default"
[INFO ] 2023-12-11 16:17:00.608 [main] AlertsApplication - Started AlertsApplication in 3.401 seconds (process running for 3.809)
[INFO ] 2023-12-11 16:17:21.392 [main] AlertsApplication - Starting AlertsApplication using Java 21.0.1 with PID 71367 (/home/alexandrekerestes/Documents/mission_5/p5/SaftyNet_Alert_OCR/target/classes started by alexandrekerestes in /home/alexandrekerestes/Documents/mission_5/p5/SaftyNet_Alert_OCR)
[DEBUG] 2023-12-11 16:17:21.398 [main] AlertsApplication - Running with Spring Boot v3.2.0, Spring v6.1.1
[INFO ] 2023-12-11 16:17:21.399 [main] AlertsApplication - No active profile set, falling back to 1 default profile: "default"
[INFO ] 2023-12-11 16:17:24.548 [main] AlertsApplication - Started AlertsApplication in 3.434 seconds (process running for 3.867)
[INFO ] 2023-12-11 16:18:03.980 [main] AlertsApplication - Starting AlertsApplication using Java 21.0.1 with PID 71561 (/home/alexandrekerestes/Documents/mission_5/p5/SaftyNet_Alert_OCR/target/classes started by alexandrekerestes in /home/alexandrekerestes/Documents/mission_5/p5/SaftyNet_Alert_OCR)
[DEBUG] 2023-12-11 16:18:03.984 [main] AlertsApplication - Running with Spring Boot v3.2.0, Spring v6.1.1
[INFO ] 2023-12-11 16:18:03.985 [main] AlertsApplication - No active profile set, falling back to 1 default profile: "default"
[INFO ] 2023-12-11 16:18:07.183 [main] AlertsApplication - Started AlertsApplication in 3.46 seconds (process running for 3.927)
[INFO ] 2023-12-11 16:19:18.979 [main] AlertsApplication - Starting AlertsApplication using Java 21.0.1 with PID 71921 (/home/alexandrekerestes/Documents/mission_5/p5/SaftyNet_Alert_OCR/target/classes started by alexandrekerestes in /home/alexandrekerestes/Documents/mission_5/p5/SaftyNet_Alert_OCR)
[DEBUG] 2023-12-11 16:19:18.983 [main] AlertsApplication - Running with Spring Boot v3.2.0, Spring v6.1.1
[INFO ] 2023-12-11 16:19:18.984 [main] AlertsApplication - No active profile set, falling back to 1 default profile: "default"
[INFO ] 2023-12-11 16:19:22.308 [main] AlertsApplication - Started AlertsApplication in 3.592 seconds (process running for 4.042)
[DEBUG] 2023-12-11 16:19:22.635 [http-nio-8080-exec-2] MedicalRecordUtility - Creating a medical record to Alexandre KERESTES
[INFO ] 2023-12-11 16:19:22.656 [http-nio-8080-exec-2] PersonController - (POST) /person : request made successfully; Made by (0:0:0:0:0:0:0:1)
[INFO ] 2023-12-11 16:21:15.514 [main] AlertsApplication - Starting AlertsApplication using Java 21.0.1 with PID 72305 (/home/alexandrekerestes/Documents/mission_5/p5/SaftyNet_Alert_OCR/target/classes started by alexandrekerestes in /home/alexandrekerestes/Documents/mission_5/p5/SaftyNet_Alert_OCR)
[DEBUG] 2023-12-11 16:21:15.518 [main] AlertsApplication - Running with Spring Boot v3.2.0, Spring v6.1.1
[INFO ] 2023-12-11 16:21:15.519 [main] AlertsApplication - No active profile set, falling back to 1 default profile: "default"
[INFO ] 2023-12-11 16:21:18.633 [main] AlertsApplication - Started AlertsApplication in 3.394 seconds (process running for 3.818)
[DEBUG] 2023-12-11 16:21:22.168 [http-nio-8080-exec-1] MedicalRecordUtility - Creating a medical record to Alexandre KERESTES
[INFO ] 2023-12-11 16:21:22.191 [http-nio-8080-exec-1] PersonController - (POST) /person : request made successfully; Made by (0:0:0:0:0:0:0:1)
[INFO ] 2023-12-11 16:48:36.677 [main] AlertsApplication - Starting AlertsApplication using Java 21.0.1 with PID 76730 (/home/alexandrekerestes/Documents/mission_5/p5/SaftyNet_Alert_OCR/target/classes started by alexandrekerestes in /home/alexandrekerestes/Documents/mission_5/p5/SaftyNet_Alert_OCR)
[DEBUG] 2023-12-11 16:48:36.682 [main] AlertsApplication - Running with Spring Boot v3.2.0, Spring v6.1.1
[INFO ] 2023-12-11 16:48:36.683 [main] AlertsApplication - No active profile set, falling back to 1 default profile: "default"
[INFO ] 2023-12-11 16:48:39.824 [main] AlertsApplication - Started AlertsApplication in 3.414 seconds (process running for 3.849)
[INFO ] 2023-12-11 17:16:05.892 [main] AlertsApplication - Starting AlertsApplication using Java 21.0.1 with PID 81329 (/home/alexandrekerestes/Documents/mission_5/p5/SaftyNet_Alert_OCR/target/classes started by alexandrekerestes in /home/alexandrekerestes/Documents/mission_5/p5/SaftyNet_Alert_OCR)
[DEBUG] 2023-12-11 17:16:05.897 [main] AlertsApplication - Running with Spring Boot v3.2.0, Spring v6.1.1
[INFO ] 2023-12-11 17:16:05.898 [main] AlertsApplication - No active profile set, falling back to 1 default profile: "default"
[INFO ] 2023-12-11 17:16:09.035 [main] AlertsApplication - Started AlertsApplication in 3.414 seconds (process running for 3.879)
[INFO ] 2023-12-11 17:20:35.465 [main] AlertsApplication - Starting AlertsApplication using Java 21.0.1 with PID 82643 (/home/alexandrekerestes/Documents/mission_5/p5/SaftyNet_Alert_OCR/target/classes started by alexandrekerestes in /home/alexandrekerestes/Documents/mission_5/p5/SaftyNet_Alert_OCR)
[DEBUG] 2023-12-11 17:20:35.470 [main] AlertsApplication - Running with Spring Boot v3.2.0, Spring v6.1.1
[INFO ] 2023-12-11 17:20:35.471 [main] AlertsApplication - No active profile set, falling back to 1 default profile: "default"
[INFO ] 2023-12-11 17:20:38.841 [main] AlertsApplication - Started AlertsApplication in 3.646 seconds (process running for 4.063)
[DEBUG] 2023-12-11 17:20:42.888 [http-nio-8080-exec-1] MedicalRecordUtility - Creating a medical record to Alexandre KERESTES
[INFO ] 2023-12-11 17:20:42.912 [http-nio-8080-exec-1] PersonController - (POST) /person : request made successfully; Made by (0:0:0:0:0:0:0:1)
[INFO ] 2023-12-11 17:24:14.898 [main] AlertsApplication - Starting AlertsApplication using Java 21.0.1 with PID 83433 (/home/alexandrekerestes/Documents/mission_5/p5/SaftyNet_Alert_OCR/target/classes started by alexandrekerestes in /home/alexandrekerestes/Documents/mission_5/p5/SaftyNet_Alert_OCR)
[DEBUG] 2023-12-11 17:24:14.902 [main] AlertsApplication - Running with Spring Boot v3.2.0, Spring v6.1.1
[INFO ] 2023-12-11 17:24:14.903 [main] AlertsApplication - No active profile set, falling back to 1 default profile: "default"
[INFO ] 2023-12-11 17:24:18.065 [main] AlertsApplication - Started AlertsApplication in 3.426 seconds (process running for 3.973)
[DEBUG] 2023-12-11 17:24:26.104 [http-nio-8080-exec-2] MedicalRecordUtility - Creating a medical record to Alexandre KERESTES
[INFO ] 2023-12-11 17:24:26.130 [http-nio-8080-exec-2] PersonController - (POST) /person : request made successfully; Made by (0:0:0:0:0:0:0:1)
[INFO ] 2023-12-11 17:29:12.489 [main] AlertsApplication - Starting AlertsApplication using Java 21.0.1 with PID 84479 (/home/alexandrekerestes/Documents/mission_5/p5/SaftyNet_Alert_OCR/target/classes started by alexandrekerestes in /home/alexandrekerestes/Documents/mission_5/p5/SaftyNet_Alert_OCR)
[DEBUG] 2023-12-11 17:29:12.493 [main] AlertsApplication - Running with Spring Boot v3.2.0, Spring v6.1.1
[INFO ] 2023-12-11 17:29:12.494 [main] AlertsApplication - No active profile set, falling back to 1 default profile: "default"
[INFO ] 2023-12-11 17:29:15.615 [main] AlertsApplication - Started AlertsApplication in 3.366 seconds (process running for 3.938)
[INFO ] 2023-12-11 17:31:59.178 [main] AlertsApplication - Starting AlertsApplication using Java 21.0.1 with PID 84976 (/home/alexandrekerestes/Documents/mission_5/p5/SaftyNet_Alert_OCR/target/classes started by alexandrekerestes in /home/alexandrekerestes/Documents/mission_5/p5/SaftyNet_Alert_OCR)
[DEBUG] 2023-12-11 17:31:59.182 [main] AlertsApplication - Running with Spring Boot v3.2.0, Spring v6.1.1
[INFO ] 2023-12-11 17:31:59.182 [main] AlertsApplication - No active profile set, falling back to 1 default profile: "default"
[INFO ] 2023-12-11 17:32:05.375 [main] AlertsApplication - Started AlertsApplication in 6.462 seconds (process running for 6.975)
[DEBUG] 2023-12-11 17:32:06.579 [http-nio-8080-exec-2] MedicalRecordUtility - Creating a medical record to Alexandre KERESTES
[INFO ] 2023-12-11 17:32:06.686 [http-nio-8080-exec-2] PersonController - (POST) /person : request made successfully; Made by (0:0:0:0:0:0:0:1)
[INFO ] 2023-12-11 17:34:11.974 [main] PersonControllerTest - Starting PersonControllerTest using Java 17.0.8 with PID 85596 (started by alexandrekerestes in /home/alexandrekerestes/Documents/mission_5/p5/SaftyNet_Alert_OCR)
[DEBUG] 2023-12-11 17:34:11.980 [main] PersonControllerTest - Running with Spring Boot v3.2.0, Spring v6.1.1
[INFO ] 2023-12-11 17:34:11.981 [main] PersonControllerTest - The following 1 profile is active: "test"
[INFO ] 2023-12-11 17:34:18.311 [main] PersonControllerTest - Started PersonControllerTest in 6.714 seconds (process running for 8.066)
[ERROR] 2023-12-11 17:34:18.481 [main] PersonController - (POST) /person : requests error -> There is a missing attribute, make sure you entered at least (firstName, lastName, phone, email, birthday and address{id}); Made by (127.0.0.1)
[ERROR] 2023-12-11 17:34:18.559 [main] PersonController - (PUT) /person : requests error -> There is no person with this id; Made by (127.0.0.1)
[INFO ] 2023-12-11 17:34:18.577 [main] PersonController - (GET) /personInfo?lastName=boyd : request made successfully; Made by (127.0.0.1)
[DEBUG] 2023-12-11 17:34:18.578 [main] AddressUtility - Removing people who do not have the lastname boyd from the address 1509 Culver St
[DEBUG] 2023-12-11 17:34:18.579 [main] PersonUtility - Setting null birthday(Date) and converting into age(int)
[DEBUG] 2023-12-11 17:34:18.579 [main] PersonUtility - Converting birthday(Date) into age(int)
[DEBUG] 2023-12-11 17:34:18.579 [main] PersonUtility - Setting null birthday(Date) and converting into age(int)
[DEBUG] 2023-12-11 17:34:18.580 [main] PersonUtility - Converting birthday(Date) into age(int)
[DEBUG] 2023-12-11 17:34:18.580 [main] PersonUtility - Setting null birthday(Date) and converting into age(int)
[DEBUG] 2023-12-11 17:34:18.580 [main] PersonUtility - Converting birthday(Date) into age(int)
[DEBUG] 2023-12-11 17:34:18.580 [main] PersonUtility - Setting null birthday(Date) and converting into age(int)
[DEBUG] 2023-12-11 17:34:18.580 [main] PersonUtility - Converting birthday(Date) into age(int)
[DEBUG] 2023-12-11 17:34:18.580 [main] PersonUtility - Setting null birthday(Date) and converting into age(int)
[DEBUG] 2023-12-11 17:34:18.580 [main] PersonUtility - Converting birthday(Date) into age(int)
[DEBUG] 2023-12-11 17:34:18.580 [main] AddressUtility - Removing people who do not have the lastname boyd from the address 112 Steppes Pl
[DEBUG] 2023-12-11 17:34:18.581 [main] PersonUtility - Setting null birthday(Date) and converting into age(int)
[DEBUG] 2023-12-11 17:34:18.581 [main] PersonUtility - Converting birthday(Date) into age(int)
[DEBUG] 2023-12-11 17:34:18.621 [main] MedicalRecordUtility - Creating a medical record to Alexandre KERESTES
[INFO ] 2023-12-11 17:34:18.622 [main] PersonController - (POST) /person : request made successfully; Made by (127.0.0.1)
[DEBUG] 2023-12-11 17:34:18.634 [main] PersonUtility - Merging saved person (Alexandre KERESTES) with updated information
[INFO ] 2023-12-11 17:34:18.634 [main] PersonController - (PUT) /person : request body -> id = 28: request made successfully; Made by (127.0.0.1)
[DEBUG] 2023-12-11 17:34:18.644 [main] AddressUtility - Defining majors and minors based on the address892 Downing Ct
[DEBUG] 2023-12-11 17:34:18.644 [main] PersonUtility - Setting null birthday(Date) and converting into age(int)
[DEBUG] 2023-12-11 17:34:18.644 [main] PersonUtility - Converting birthday(Date) into age(int)
[DEBUG] 2023-12-11 17:34:18.645 [main] MedicalRecordUtility - Setting allergies and medicines to null
[DEBUG] 2023-12-11 17:34:18.645 [main] PersonUtility - Setting null birthday(Date) and converting into age(int)
[DEBUG] 2023-12-11 17:34:18.645 [main] PersonUtility - Converting birthday(Date) into age(int)
[DEBUG] 2023-12-11 17:34:18.645 [main] MedicalRecordUtility - Setting allergies and medicines to null
[DEBUG] 2023-12-11 17:34:18.645 [main] PersonUtility - Setting null birthday(Date) and converting into age(int)
[DEBUG] 2023-12-11 17:34:18.645 [main] PersonUtility - Converting birthday(Date) into age(int)
[DEBUG] 2023-12-11 17:34:18.645 [main] MedicalRecordUtility - Setting allergies and medicines to null
[INFO ] 2023-12-11 17:34:18.646 [main] PersonController - (GET) /childAlert?address=Downing : request made successfully; Made by (127.0.0.1)
[ERROR] 2023-12-11 17:34:18.656 [main] PersonController - (GET) /personInfo?lastName=jjj : requests error -> There is no person named jjj; Made by (127.0.0.1)
[DEBUG] 2023-12-11 17:34:18.663 [main] PersonUtility - Merging saved person (Alexandre KERESTES) with updated information
[INFO ] 2023-12-11 17:34:18.663 [main] PersonController - (PUT) /person : request body -> id = 28: request made successfully; Made by (127.0.0.1)
[INFO ] 2023-12-11 17:34:18.672 [main] PersonController - (GET) /communityEmail?city=Culver : request made successfully; Made by (127.0.0.1)
[ERROR] 2023-12-11 17:34:18.682 [main] PersonController - (POST) /person : requests error -> There was an error to save de Person; Made by (127.0.0.1)
[ERROR] 2023-12-11 17:34:18.689 [main] PersonController - (GET) /childAlert?address=xxx : requests error -> The address xxx does not exists; Made by (127.0.0.1)
[ERROR] 2023-12-11 17:34:18.696 [main] PersonController - (GET) /communityEmail?city=Culver : requests error -> There is no city named Culver; Made by (127.0.0.1)
[INFO ] 2023-12-11 17:34:18.733 [main] FirestationControllerTest - Starting FirestationControllerTest using Java 17.0.8 with PID 85596 (started by alexandrekerestes in /home/alexandrekerestes/Documents/mission_5/p5/SaftyNet_Alert_OCR)
[DEBUG] 2023-12-11 17:34:18.734 [main] FirestationControllerTest - Running with Spring Boot v3.2.0, Spring v6.1.1
[INFO ] 2023-12-11 17:34:18.734 [main] FirestationControllerTest - The following 1 profile is active: "test"
[INFO ] 2023-12-11 17:34:19.988 [main] FirestationControllerTest - Started FirestationControllerTest in 1.276 seconds (process running for 9.743)
[INFO ] 2023-12-11 17:34:19.998 [main] FirestationController - (PUT) /firestation : request made successfully; Made by (127.0.0.1)
[INFO ] 2023-12-11 17:34:20.008 [main] FirestationController - (PUT) /firestation/toaddress/2, request body -> firestationId = 4 : request made successfully; Made by (127.0.0.1)
[ERROR] 2023-12-11 17:34:20.017 [main] FirestationController - (PUT) /firestation : requests error -> Firestation does not exists; Made by (127.0.0.1)
[INFO ] 2023-12-11 17:34:20.027 [main] FirestationController - (GET) /firestation?stationNumber=1 : request made successfully; Made by (127.0.0.1)
[DEBUG] 2023-12-11 17:34:20.027 [main] AddressUtility - Defining majors and minors based on the address644 Gershwin Cir
[DEBUG] 2023-12-11 17:34:20.027 [main] PersonUtility - Setting null birthday(Date) and converting into age(int)
[DEBUG] 2023-12-11 17:34:20.027 [main] PersonUtility - Converting birthday(Date) into age(int)
[DEBUG] 2023-12-11 17:34:20.028 [main] MedicalRecordUtility - Setting allergies and medicines to null
[DEBUG] 2023-12-11 17:34:20.028 [main] AddressUtility - Defining majors and minors based on the address908 73rd St
[DEBUG] 2023-12-11 17:34:20.028 [main] PersonUtility - Setting null birthday(Date) and converting into age(int)
[DEBUG] 2023-12-11 17:34:20.028 [main] PersonUtility - Converting birthday(Date) into age(int)
[DEBUG] 2023-12-11 17:34:20.028 [main] MedicalRecordUtility - Setting allergies and medicines to null
[DEBUG] 2023-12-11 17:34:20.028 [main] PersonUtility - Setting null birthday(Date) and converting into age(int)
[DEBUG] 2023-12-11 17:34:20.028 [main] PersonUtility - Converting birthday(Date) into age(int)
[DEBUG] 2023-12-11 17:34:20.028 [main] MedicalRecordUtility - Setting allergies and medicines to null
[DEBUG] 2023-12-11 17:34:20.028 [main] AddressUtility - Defining majors and minors based on the address951 LoneTree Rd
[DEBUG] 2023-12-11 17:34:20.028 [main] PersonUtility - Setting null birthday(Date) and converting into age(int)
[DEBUG] 2023-12-11 17:34:20.029 [main] PersonUtility - Converting birthday(Date) into age(int)
[DEBUG] 2023-12-11 17:34:20.029 [main] MedicalRecordUtility - Setting allergies and medicines to null
[DEBUG] 2023-12-11 17:34:20.029 [main] PersonUtility - Setting null birthday(Date) and converting into age(int)
[DEBUG] 2023-12-11 17:34:20.029 [main] PersonUtility - Converting birthday(Date) into age(int)
[DEBUG] 2023-12-11 17:34:20.029 [main] MedicalRecordUtility - Setting allergies and medicines to null
[DEBUG] 2023-12-11 17:34:20.029 [main] PersonUtility - Setting null birthday(Date) and converting into age(int)
[DEBUG] 2023-12-11 17:34:20.029 [main] PersonUtility - Converting birthday(Date) into age(int)
[DEBUG] 2023-12-11 17:34:20.029 [main] MedicalRecordUtility - Setting allergies and medicines to null
[DEBUG] 2023-12-11 17:34:20.029 [main] AddressUtility - Defining majors and minors based on the addressnull
[DEBUG] 2023-12-11 17:34:20.029 [main] PersonUtility - Setting null birthday(Date) and converting into age(int)
[DEBUG] 2023-12-11 17:34:20.030 [main] PersonUtility - Converting birthday(Date) into age(int)
[DEBUG] 2023-12-11 17:34:20.030 [main] MedicalRecordUtility - Setting allergies and medicines to null
[INFO ] 2023-12-11 17:34:20.041 [main] FirestationController - (POST) /firestation : request made successfully; Made by (127.0.0.1)
[ERROR] 2023-12-11 17:34:20.047 [main] FirestationController - (PUT) /firestation : requests error -> Id field is missing in the request body; Made by (127.0.0.1)
[INFO ] 2023-12-11 17:34:20.056 [main] FirestationController - (PUT) /firestation : request made successfully; Made by (127.0.0.1)
[DEBUG] 2023-12-11 17:34:20.063 [main] FirestationUtility - Getting phone numbers from address644 Gershwin Cir
[DEBUG] 2023-12-11 17:34:20.063 [main] FirestationUtility - Getting phone numbers from address908 73rd St
[DEBUG] 2023-12-11 17:34:20.063 [main] FirestationUtility - Getting phone numbers from address951 LoneTree Rd
[DEBUG] 2023-12-11 17:34:20.063 [main] FirestationUtility - Getting phone numbers from addressnull
[INFO ] 2023-12-11 17:34:20.063 [main] FirestationController - (GET) /phoneAlert?firestationId=1 : request made successfully; Made by (127.0.0.1)
[INFO ] 2023-12-11 17:34:20.090 [main] MedicalrecordControllerTest - Starting MedicalrecordControllerTest using Java 17.0.8 with PID 85596 (started by alexandrekerestes in /home/alexandrekerestes/Documents/mission_5/p5/SaftyNet_Alert_OCR)
[DEBUG] 2023-12-11 17:34:20.090 [main] MedicalrecordControllerTest - Running with Spring Boot v3.2.0, Spring v6.1.1
[INFO ] 2023-12-11 17:34:20.091 [main] MedicalrecordControllerTest - The following 1 profile is active: "test"
[INFO ] 2023-12-11 17:34:21.277 [main] MedicalrecordControllerTest - Started MedicalrecordControllerTest in 1.203 seconds (process running for 11.032)
[INFO ] 2023-12-11 17:34:21.284 [main] MedicalrecordController - (GET) /fire?address=112 Steppes : request made successfully; Made by (127.0.0.1)
[DEBUG] 2023-12-11 17:34:21.284 [main] AddressUtility - Converting date to age for address112 Steppes Pl
[DEBUG] 2023-12-11 17:34:21.284 [main] PersonUtility - Setting null birthday(Date) and converting into age(int)
[DEBUG] 2023-12-11 17:34:21.284 [main] PersonUtility - Converting birthday(Date) into age(int)
[DEBUG] 2023-12-11 17:34:21.285 [main] PersonUtility - Setting null birthday(Date) and converting into age(int)
[DEBUG] 2023-12-11 17:34:21.285 [main] PersonUtility - Converting birthday(Date) into age(int)
[DEBUG] 2023-12-11 17:34:21.285 [main] PersonUtility - Setting null birthday(Date) and converting into age(int)
[DEBUG] 2023-12-11 17:34:21.285 [main] PersonUtility - Converting birthday(Date) into age(int)
[DEBUG] 2023-12-11 17:34:21.301 [main] MedicalRecordUtility - setting quantity of medicine for a person
[DEBUG] 2023-12-11 17:34:21.302 [main] MedicalRecordUtility - updating a person's medications
[DEBUG] 2023-12-11 17:34:21.302 [main] MedicalRecordUtility - Connecting person (John BOYD) and medicine (aznol)
[INFO ] 2023-12-11 17:34:21.305 [main] MedicalrecordController - (PUT) /medicine/1, request body -> medicineId = 1, quantity = 2: request made successfully; Made by (127.0.0.1)
[ERROR] 2023-12-11 17:34:21.318 [main] MedicalrecordController - (PUT) /allergy/1, request error -> Person (id=1) or Allergy (id=1) does not exist; Made by (127.0.0.1)
[INFO ] 2023-12-11 17:34:21.325 [main] MedicalrecordController - (PUT) /allergy/1, request body -> allergyId = 1 : request made successfully; Made by (127.0.0.1)
[DEBUG] 2023-12-11 17:34:21.325 [main] MedicalRecordUtility - Adding allergy (aznol) to person (John BOYD)
[DEBUG] 2023-12-11 17:34:21.331 [main] MedicalRecordUtility - setting quantity of medicine for a person
[ERROR] 2023-12-11 17:34:21.332 [main] MedicalrecordController - (GET) /medicine/1 : requests error -> Person (id=1) or Medicine (id=0) does not exist; Made by (127.0.0.1)
[DEBUG] 2023-12-11 17:34:21.336 [main] MedicalRecordUtility - Adding allergy (peanut) to person (null null)
[DEBUG] 2023-12-11 17:34:21.338 [main] MedicalRecordUtility - Creating a medical record to null null
[DEBUG] 2023-12-11 17:34:21.341 [main] MedicalRecordUtility - Connecting person (Alexandre KERESTES) and medicine (Doliprane)
[DEBUG] 2023-12-11 17:34:21.341 [main] MedicalRecordUtility - Setting allergies and medicines to null
[DEBUG] 2023-12-11 17:34:21.344 [main] FirestationUtility - Getting phone numbers from addressnull
[DEBUG] 2023-12-11 17:34:21.345 [main] FirestationUtility - Getting phone numbers from addressnull
[DEBUG] 2023-12-11 17:34:21.346 [main] PersonUtility - Merging saved person (Alexandre KERESTES) with updated information
[DEBUG] 2023-12-11 17:34:21.347 [main] PersonUtility - Setting null birthday(Date) and converting into age(int)
[DEBUG] 2023-12-11 17:34:21.347 [main] PersonUtility - Converting birthday(Date) into age(int)
[DEBUG] 2023-12-11 17:34:21.347 [main] PersonUtility - Converting birthday(Date) into age(int)
[DEBUG] 2023-12-11 17:34:21.348 [main] PersonUtility - Merging saved person (Alexandre KERESTES) with updated information
[DEBUG] 2023-12-11 17:34:21.349 [main] AddressUtility - Removing people who do not have the lastname kerestes from the address 123 street Test
[DEBUG] 2023-12-11 17:34:21.349 [main] PersonUtility - Setting null birthday(Date) and converting into age(int)
[DEBUG] 2023-12-11 17:34:21.349 [main] PersonUtility - Converting birthday(Date) into age(int)
[DEBUG] 2023-12-11 17:34:21.350 [main] AddressUtility - Converting date to age for address123 street Test
[DEBUG] 2023-12-11 17:34:21.350 [main] PersonUtility - Setting null birthday(Date) and converting into age(int)
[DEBUG] 2023-12-11 17:34:21.350 [main] PersonUtility - Converting birthday(Date) into age(int)
[DEBUG] 2023-12-11 17:34:21.350 [main] PersonUtility - Setting null birthday(Date) and converting into age(int)
[DEBUG] 2023-12-11 17:34:21.350 [main] PersonUtility - Converting birthday(Date) into age(int)
[DEBUG] 2023-12-11 17:34:21.351 [main] AddressUtility - Defining majors and minors based on the address123 street Test
[DEBUG] 2023-12-11 17:34:21.351 [main] PersonUtility - Setting null birthday(Date) and converting into age(int)
[DEBUG] 2023-12-11 17:34:21.351 [main] PersonUtility - Converting birthday(Date) into age(int)
[DEBUG] 2023-12-11 17:34:21.352 [main] MedicalRecordUtility - Setting allergies and medicines to null
[DEBUG] 2023-12-11 17:34:21.352 [main] PersonUtility - Setting null birthday(Date) and converting into age(int)
[DEBUG] 2023-12-11 17:34:21.352 [main] PersonUtility - Converting birthday(Date) into age(int)
[DEBUG] 2023-12-11 17:34:21.352 [main] MedicalRecordUtility - Setting allergies and medicines to null
[INFO ] 2023-12-11 17:34:21.370 [main] AlertsApplicationTests - Starting AlertsApplicationTests using Java 17.0.8 with PID 85596 (started by alexandrekerestes in /home/alexandrekerestes/Documents/mission_5/p5/SaftyNet_Alert_OCR)
[DEBUG] 2023-12-11 17:34:21.371 [main] AlertsApplicationTests - Running with Spring Boot v3.2.0, Spring v6.1.1
[INFO ] 2023-12-11 17:34:21.371 [main] AlertsApplicationTests - No active profile set, falling back to 1 default profile: "default"
[INFO ] 2023-12-11 17:34:22.339 [main] AlertsApplicationTests - Started AlertsApplicationTests in 0.981 seconds (process running for 12.094)
[INFO ] 2023-12-11 17:34:50.672 [main] PersonControllerTest - Starting PersonControllerTest using Java 17.0.8 with PID 85896 (started by alexandrekerestes in /home/alexandrekerestes/Documents/mission_5/p5/SaftyNet_Alert_OCR)
[DEBUG] 2023-12-11 17:34:50.679 [main] PersonControllerTest - Running with Spring Boot v3.2.0, Spring v6.1.1
[INFO ] 2023-12-11 17:34:50.680 [main] PersonControllerTest - The following 1 profile is active: "test"
[INFO ] 2023-12-11 17:34:56.532 [main] PersonControllerTest - Started PersonControllerTest in 6.216 seconds (process running for 7.561)
[ERROR] 2023-12-11 17:34:56.695 [main] PersonController - (POST) /person : requests error -> There is a missing attribute, make sure you entered at least (firstName, lastName, phone, email, birthday and address{id}); Made by (127.0.0.1)
[ERROR] 2023-12-11 17:34:56.807 [main] PersonController - (PUT) /person : requests error -> There is no person with this id; Made by (127.0.0.1)
[INFO ] 2023-12-11 17:34:56.833 [main] PersonController - (GET) /personInfo?lastName=boyd : request made successfully; Made by (127.0.0.1)
[DEBUG] 2023-12-11 17:34:56.834 [main] AddressUtility - Removing people who do not have the lastname boyd from the address 1509 Culver St
[DEBUG] 2023-12-11 17:34:56.835 [main] PersonUtility - Setting null birthday(Date) and converting into age(int)
[DEBUG] 2023-12-11 17:34:56.835 [main] PersonUtility - Converting birthday(Date) into age(int)
[DEBUG] 2023-12-11 17:34:56.835 [main] PersonUtility - Setting null birthday(Date) and converting into age(int)
[DEBUG] 2023-12-11 17:34:56.836 [main] PersonUtility - Converting birthday(Date) into age(int)
[DEBUG] 2023-12-11 17:34:56.836 [main] PersonUtility - Setting null birthday(Date) and converting into age(int)
[DEBUG] 2023-12-11 17:34:56.836 [main] PersonUtility - Converting birthday(Date) into age(int)
[DEBUG] 2023-12-11 17:34:56.836 [main] PersonUtility - Setting null birthday(Date) and converting into age(int)
[DEBUG] 2023-12-11 17:34:56.836 [main] PersonUtility - Converting birthday(Date) into age(int)
[DEBUG] 2023-12-11 17:34:56.836 [main] PersonUtility - Setting null birthday(Date) and converting into age(int)
[DEBUG] 2023-12-11 17:34:56.836 [main] PersonUtility - Converting birthday(Date) into age(int)
[DEBUG] 2023-12-11 17:34:56.837 [main] AddressUtility - Removing people who do not have the lastname boyd from the address 112 Steppes Pl
[DEBUG] 2023-12-11 17:34:56.837 [main] PersonUtility - Setting null birthday(Date) and converting into age(int)
[DEBUG] 2023-12-11 17:34:56.837 [main] PersonUtility - Converting birthday(Date) into age(int)
[DEBUG] 2023-12-11 17:34:56.883 [main] MedicalRecordUtility - Creating a medical record to Alexandre KERESTES
[INFO ] 2023-12-11 17:34:56.885 [main] PersonController - (POST) /person : request made successfully; Made by (127.0.0.1)
[DEBUG] 2023-12-11 17:34:56.900 [main] PersonUtility - Merging saved person (Alexandre KERESTES) with updated information
[INFO ] 2023-12-11 17:34:56.900 [main] PersonController - (PUT) /person : request body -> id = 28: request made successfully; Made by (127.0.0.1)
[DEBUG] 2023-12-11 17:34:56.911 [main] AddressUtility - Defining majors and minors based on the address892 Downing Ct
[DEBUG] 2023-12-11 17:34:56.911 [main] PersonUtility - Setting null birthday(Date) and converting into age(int)
[DEBUG] 2023-12-11 17:34:56.911 [main] PersonUtility - Converting birthday(Date) into age(int)
[DEBUG] 2023-12-11 17:34:56.911 [main] MedicalRecordUtility - Setting allergies and medicines to null
[DEBUG] 2023-12-11 17:34:56.911 [main] PersonUtility - Setting null birthday(Date) and converting into age(int)
[DEBUG] 2023-12-11 17:34:56.912 [main] PersonUtility - Converting birthday(Date) into age(int)
[DEBUG] 2023-12-11 17:34:56.912 [main] MedicalRecordUtility - Setting allergies and medicines to null
[DEBUG] 2023-12-11 17:34:56.912 [main] PersonUtility - Setting null birthday(Date) and converting into age(int)
[DEBUG] 2023-12-11 17:34:56.912 [main] PersonUtility - Converting birthday(Date) into age(int)
[DEBUG] 2023-12-11 17:34:56.912 [main] MedicalRecordUtility - Setting allergies and medicines to null
[INFO ] 2023-12-11 17:34:56.912 [main] PersonController - (GET) /childAlert?address=Downing : request made successfully; Made by (127.0.0.1)
[ERROR] 2023-12-11 17:34:56.927 [main] PersonController - (GET) /personInfo?lastName=jjj : requests error -> There is no person named jjj; Made by (127.0.0.1)
[DEBUG] 2023-12-11 17:34:56.937 [main] PersonUtility - Merging saved person (Alexandre KERESTES) with updated information
[INFO ] 2023-12-11 17:34:56.937 [main] PersonController - (PUT) /person : request body -> id = 28: request made successfully; Made by (127.0.0.1)
[INFO ] 2023-12-11 17:34:56.948 [main] PersonController - (GET) /communityEmail?city=Culver : request made successfully; Made by (127.0.0.1)
[ERROR] 2023-12-11 17:34:56.959 [main] PersonController - (POST) /person : requests error -> There was an error to save de Person; Made by (127.0.0.1)
[ERROR] 2023-12-11 17:34:56.966 [main] PersonController - (GET) /childAlert?address=xxx : requests error -> The address xxx does not exists; Made by (127.0.0.1)
[ERROR] 2023-12-11 17:34:56.973 [main] PersonController - (GET) /communityEmail?city=Culver : requests error -> There is no city named Culver; Made by (127.0.0.1)
[INFO ] 2023-12-11 17:34:57.010 [main] FirestationControllerTest - Starting FirestationControllerTest using Java 17.0.8 with PID 85896 (started by alexandrekerestes in /home/alexandrekerestes/Documents/mission_5/p5/SaftyNet_Alert_OCR)
[DEBUG] 2023-12-11 17:34:57.011 [main] FirestationControllerTest - Running with Spring Boot v3.2.0, Spring v6.1.1
[INFO ] 2023-12-11 17:34:57.012 [main] FirestationControllerTest - The following 1 profile is active: "test"
[INFO ] 2023-12-11 17:34:58.185 [main] FirestationControllerTest - Started FirestationControllerTest in 1.195 seconds (process running for 9.215)
[INFO ] 2023-12-11 17:34:58.193 [main] FirestationController - (PUT) /firestation : request made successfully; Made by (127.0.0.1)
[INFO ] 2023-12-11 17:34:58.204 [main] FirestationController - (PUT) /firestation/toaddress/2, request body -> firestationId = 4 : request made successfully; Made by (127.0.0.1)
[ERROR] 2023-12-11 17:34:58.214 [main] FirestationController - (PUT) /firestation : requests error -> Firestation does not exists; Made by (127.0.0.1)
[INFO ] 2023-12-11 17:34:58.223 [main] FirestationController - (GET) /firestation?stationNumber=1 : request made successfully; Made by (127.0.0.1)
[DEBUG] 2023-12-11 17:34:58.223 [main] AddressUtility - Defining majors and minors based on the address644 Gershwin Cir
[DEBUG] 2023-12-11 17:34:58.223 [main] PersonUtility - Setting null birthday(Date) and converting into age(int)
[DEBUG] 2023-12-11 17:34:58.223 [main] PersonUtility - Converting birthday(Date) into age(int)
[DEBUG] 2023-12-11 17:34:58.223 [main] MedicalRecordUtility - Setting allergies and medicines to null
[DEBUG] 2023-12-11 17:34:58.224 [main] AddressUtility - Defining majors and minors based on the address908 73rd St
[DEBUG] 2023-12-11 17:34:58.224 [main] PersonUtility - Setting null birthday(Date) and converting into age(int)
[DEBUG] 2023-12-11 17:34:58.224 [main] PersonUtility - Converting birthday(Date) into age(int)
[DEBUG] 2023-12-11 17:34:58.224 [main] MedicalRecordUtility - Setting allergies and medicines to null
[DEBUG] 2023-12-11 17:34:58.224 [main] PersonUtility - Setting null birthday(Date) and converting into age(int)
[DEBUG] 2023-12-11 17:34:58.224 [main] PersonUtility - Converting birthday(Date) into age(int)
[DEBUG] 2023-12-11 17:34:58.224 [main] MedicalRecordUtility - Setting allergies and medicines to null
[DEBUG] 2023-12-11 17:34:58.224 [main] AddressUtility - Defining majors and minors based on the address951 LoneTree Rd
[DEBUG] 2023-12-11 17:34:58.225 [main] PersonUtility - Setting null birthday(Date) and converting into age(int)
[DEBUG] 2023-12-11 17:34:58.225 [main] PersonUtility - Converting birthday(Date) into age(int)
[DEBUG] 2023-12-11 17:34:58.225 [main] MedicalRecordUtility - Setting allergies and medicines to null
[DEBUG] 2023-12-11 17:34:58.225 [main] PersonUtility - Setting null birthday(Date) and converting into age(int)
[DEBUG] 2023-12-11 17:34:58.225 [main] PersonUtility - Converting birthday(Date) into age(int)
[DEBUG] 2023-12-11 17:34:58.225 [main] MedicalRecordUtility - Setting allergies and medicines to null
[DEBUG] 2023-12-11 17:34:58.225 [main] PersonUtility - Setting null birthday(Date) and converting into age(int)
[DEBUG] 2023-12-11 17:34:58.225 [main] PersonUtility - Converting birthday(Date) into age(int)
[DEBUG] 2023-12-11 17:34:58.225 [main] MedicalRecordUtility - Setting allergies and medicines to null
[DEBUG] 2023-12-11 17:34:58.225 [main] AddressUtility - Defining majors and minors based on the addressnull
[DEBUG] 2023-12-11 17:34:58.226 [main] PersonUtility - Setting null birthday(Date) and converting into age(int)
[DEBUG] 2023-12-11 17:34:58.226 [main] PersonUtility - Converting birthday(Date) into age(int)
[DEBUG] 2023-12-11 17:34:58.226 [main] MedicalRecordUtility - Setting allergies and medicines to null
[INFO ] 2023-12-11 17:34:58.240 [main] FirestationController - (POST) /firestation : request made successfully; Made by (127.0.0.1)
[ERROR] 2023-12-11 17:34:58.248 [main] FirestationController - (PUT) /firestation : requests error -> Id field is missing in the request body; Made by (127.0.0.1)
[INFO ] 2023-12-11 17:34:58.256 [main] FirestationController - (PUT) /firestation : request made successfully; Made by (127.0.0.1)
[DEBUG] 2023-12-11 17:34:58.264 [main] FirestationUtility - Getting phone numbers from address644 Gershwin Cir
[DEBUG] 2023-12-11 17:34:58.264 [main] FirestationUtility - Getting phone numbers from address908 73rd St
[DEBUG] 2023-12-11 17:34:58.264 [main] FirestationUtility - Getting phone numbers from address951 LoneTree Rd
[DEBUG] 2023-12-11 17:34:58.264 [main] FirestationUtility - Getting phone numbers from addressnull
[INFO ] 2023-12-11 17:34:58.264 [main] FirestationController - (GET) /phoneAlert?firestationId=1 : request made successfully; Made by (127.0.0.1)
[INFO ] 2023-12-11 17:34:58.294 [main] MedicalrecordControllerTest - Starting MedicalrecordControllerTest using Java 17.0.8 with PID 85896 (started by alexandrekerestes in /home/alexandrekerestes/Documents/mission_5/p5/SaftyNet_Alert_OCR)
[DEBUG] 2023-12-11 17:34:58.294 [main] MedicalrecordControllerTest - Running with Spring Boot v3.2.0, Spring v6.1.1
[INFO ] 2023-12-11 17:34:58.294 [main] MedicalrecordControllerTest - The following 1 profile is active: "test"
[INFO ] 2023-12-11 17:34:59.381 [main] MedicalrecordControllerTest - Started MedicalrecordControllerTest in 1.106 seconds (process running for 10.411)
[INFO ] 2023-12-11 17:34:59.388 [main] MedicalrecordController - (GET) /fire?address=112 Steppes : request made successfully; Made by (127.0.0.1)
[DEBUG] 2023-12-11 17:34:59.388 [main] AddressUtility - Converting date to age for address112 Steppes Pl
[DEBUG] 2023-12-11 17:34:59.388 [main] PersonUtility - Setting null birthday(Date) and converting into age(int)
[DEBUG] 2023-12-11 17:34:59.388 [main] PersonUtility - Converting birthday(Date) into age(int)
[DEBUG] 2023-12-11 17:34:59.388 [main] PersonUtility - Setting null birthday(Date) and converting into age(int)
[DEBUG] 2023-12-11 17:34:59.389 [main] PersonUtility - Converting birthday(Date) into age(int)
[DEBUG] 2023-12-11 17:34:59.389 [main] PersonUtility - Setting null birthday(Date) and converting into age(int)
[DEBUG] 2023-12-11 17:34:59.389 [main] PersonUtility - Converting birthday(Date) into age(int)
[DEBUG] 2023-12-11 17:34:59.404 [main] MedicalRecordUtility - setting quantity of medicine for a person
[DEBUG] 2023-12-11 17:34:59.405 [main] MedicalRecordUtility - updating a person's medications
[DEBUG] 2023-12-11 17:34:59.405 [main] MedicalRecordUtility - Connecting person (John BOYD) and medicine (aznol)
[INFO ] 2023-12-11 17:34:59.407 [main] MedicalrecordController - (PUT) /medicine/1, request body -> medicineId = 1, quantity = 2: request made successfully; Made by (127.0.0.1)
[ERROR] 2023-12-11 17:34:59.418 [main] MedicalrecordController - (PUT) /allergy/1, request error -> Person (id=1) or Allergy (id=1) does not exist; Made by (127.0.0.1)
[INFO ] 2023-12-11 17:34:59.425 [main] MedicalrecordController - (PUT) /allergy/1, request body -> allergyId = 1 : request made successfully; Made by (127.0.0.1)
[DEBUG] 2023-12-11 17:34:59.425 [main] MedicalRecordUtility - Adding allergy (aznol) to person (John BOYD)
[DEBUG] 2023-12-11 17:34:59.431 [main] MedicalRecordUtility - setting quantity of medicine for a person
[ERROR] 2023-12-11 17:34:59.431 [main] MedicalrecordController - (GET) /medicine/1 : requests error -> Person (id=1) or Medicine (id=0) does not exist; Made by (127.0.0.1)
[DEBUG] 2023-12-11 17:34:59.436 [main] MedicalRecordUtility - Adding allergy (peanut) to person (null null)
[DEBUG] 2023-12-11 17:34:59.437 [main] MedicalRecordUtility - Creating a medical record to null null
[DEBUG] 2023-12-11 17:34:59.439 [main] MedicalRecordUtility - Connecting person (Alexandre KERESTES) and medicine (Doliprane)
[DEBUG] 2023-12-11 17:34:59.440 [main] MedicalRecordUtility - Setting allergies and medicines to null
[DEBUG] 2023-12-11 17:34:59.444 [main] FirestationUtility - Getting phone numbers from addressnull
[DEBUG] 2023-12-11 17:34:59.445 [main] FirestationUtility - Getting phone numbers from addressnull
[DEBUG] 2023-12-11 17:34:59.446 [main] PersonUtility - Merging saved person (Alexandre KERESTES) with updated information
[DEBUG] 2023-12-11 17:34:59.447 [main] PersonUtility - Setting null birthday(Date) and converting into age(int)
[DEBUG] 2023-12-11 17:34:59.447 [main] PersonUtility - Converting birthday(Date) into age(int)
[DEBUG] 2023-12-11 17:34:59.448 [main] PersonUtility - Converting birthday(Date) into age(int)
[DEBUG] 2023-12-11 17:34:59.449 [main] PersonUtility - Merging saved person (Alexandre KERESTES) with updated information
[DEBUG] 2023-12-11 17:34:59.450 [main] AddressUtility - Removing people who do not have the lastname kerestes from the address 123 street Test
[DEBUG] 2023-12-11 17:34:59.450 [main] PersonUtility - Setting null birthday(Date) and converting into age(int)
[DEBUG] 2023-12-11 17:34:59.450 [main] PersonUtility - Converting birthday(Date) into age(int)
[DEBUG] 2023-12-11 17:34:59.451 [main] AddressUtility - Converting date to age for address123 street Test
[DEBUG] 2023-12-11 17:34:59.451 [main] PersonUtility - Setting null birthday(Date) and converting into age(int)
[DEBUG] 2023-12-11 17:34:59.451 [main] PersonUtility - Converting birthday(Date) into age(int)
[DEBUG] 2023-12-11 17:34:59.452 [main] PersonUtility - Setting null birthday(Date) and converting into age(int)
[DEBUG] 2023-12-11 17:34:59.452 [main] PersonUtility - Converting birthday(Date) into age(int)
[DEBUG] 2023-12-11 17:34:59.453 [main] AddressUtility - Defining majors and minors based on the address123 street Test
[DEBUG] 2023-12-11 17:34:59.453 [main] PersonUtility - Setting null birthday(Date) and converting into age(int)
[DEBUG] 2023-12-11 17:34:59.453 [main] PersonUtility - Converting birthday(Date) into age(int)
[DEBUG] 2023-12-11 17:34:59.453 [main] MedicalRecordUtility - Setting allergies and medicines to null
[DEBUG] 2023-12-11 17:34:59.453 [main] PersonUtility - Setting null birthday(Date) and converting into age(int)
[DEBUG] 2023-12-11 17:34:59.453 [main] PersonUtility - Converting birthday(Date) into age(int)
[DEBUG] 2023-12-11 17:34:59.453 [main] MedicalRecordUtility - Setting allergies and medicines to null
[INFO ] 2023-12-11 17:34:59.470 [main] AlertsApplicationTests - Starting AlertsApplicationTests using Java 17.0.8 with PID 85896 (started by alexandrekerestes in /home/alexandrekerestes/Documents/mission_5/p5/SaftyNet_Alert_OCR)
[DEBUG] 2023-12-11 17:34:59.470 [main] AlertsApplicationTests - Running with Spring Boot v3.2.0, Spring v6.1.1
[INFO ] 2023-12-11 17:34:59.471 [main] AlertsApplicationTests - No active profile set, falling back to 1 default profile: "default"
[INFO ] 2023-12-11 17:35:00.436 [main] AlertsApplicationTests - Started AlertsApplicationTests in 0.976 seconds (process running for 11.466)
